WARNING: All log messages before absl::InitializeLog() is called are written to STDERR
I0000 00:00:1781274992.492565    4780 port.cc:153] oneDNN custom operations are on. You may see slightly different numerical results due to floating-point round-off errors from different computation orders. To turn them off, set the environment variable `TF_ENABLE_ONEDNN_OPTS=0`.
WARNING: All log messages before absl::InitializeLog() is called are written to STDERR
I0000 00:00:1781274994.904813    4780 port.cc:153] oneDNN custom operations are on. You may see slightly different numerical results due to floating-point round-off errors from different computation orders. To turn them off, set the environment variable `TF_ENABLE_ONEDNN_OPTS=0`.
I0000 00:00:1781274997.413931    4780 cpu_feature_guard.cc:227] This TensorFlow binary is optimized to use available CPU instructions in performance-critical operations.
To enable the following instructions: SSE3 SSE4.1 SSE4.2 AVX AVX2 AVX512F AVX512_VNNI AVX512_BF16 FMA, in other operations, rebuild TensorFlow with the appropriate compiler flags.
C:\Users\rithw\sign_language_translator\venv\Lib\site-packages\keras\src\layers\rnn\rnn.py:199: UserWarning: Do not pass an `input_shape`/`input_dim` argument to a layer. When using Sequential models, prefer using an `Input(shape)` object as the first layer in the model instead.
  super().__init__(**kwargs)
WARNING:tensorflow:TensorFlow GPU support is not available on native Windows for TensorFlow >= 2.11. Even if CUDA/cuDNN are installed, GPU will not be used. Please use WSL2 or the TensorFlow-DirectML plugin.

[MLOPS TRAINING] Dynamic vocabulary mapped successfully:
Index Mapping: {np.str_('five'): 0, np.str_('four'): 1, np.str_('one'): 2, np.str_('ten'): 3, np.str_('three'): 4, np.str_('two'): 5}

Starting dataset parsing pipeline...
Found 270 total files in dataset directory.

[PARSING SUMMARY] Successfully loaded 270 sequences.
-> Legacy 1-Hand Files Adapted via Zero-Padding: 220
-> Skipped unparseable/out-of-bounds entries: 0

Successfully processed dataset!
Features array (X) shape: (270, 30, 126)
Labels array (y) shape: (270,)

Beginning real training epochs on your custom dual-hand landmarks for 6 words...
Epoch 1/80

[1m 1/27[0m [37m====================[0m [1m46s[0m 2s/step - categorical_accuracy: 0.2500 - loss: 1.7742
[1m 9/27[0m [32m======[0m[37m==============[0m [1m0s[0m 6ms/step - categorical_accuracy: 0.2697 - loss: 1.7417
[1m17/27[0m [32m============[0m[37m========[0m [1m0s[0m 6ms/step - categorical_accuracy: 0.2881 - loss: 1.7066
[1m25/27[0m [32m==================[0m[37m==[0m [1m0s[0m 6ms/step - categorical_accuracy: 0.3049 - loss: 1.6683
[1m27/27[0m [32m====================[0m[37m[0m [1m2s[0m 19ms/step - categorical_accuracy: 0.3796 - loss: 1.5244 - val_categorical_accuracy: 0.5926 - val_loss: 1.2738
Epoch 2/80

[1m 1/27[0m [37m====================[0m [1m0s[0m 24ms/step - categorical_accuracy: 0.6250 - loss: 1.2432
[1m 9/27[0m [32m======[0m[37m==============[0m [1m0s[0m 6ms/step - categorical_accuracy: 0.5568 - loss: 1.2652 
[1m17/27[0m [32m============[0m[37m========[0m [1m0s[0m 6ms/step - categorical_accuracy: 0.5863 - loss: 1.1822
[1m25/27[0m [32m==================[0m[37m==[0m [1m0s[0m 7ms/step - categorical_accuracy: 0.5942 - loss: 1.1417
[1m27/27[0m [32m====================[0m[37m[0m [1m0s[0m 9ms/step - categorical_accuracy: 0.6065 - loss: 1.0445 - val_categorical_accuracy: 0.6852 - val_loss: 0.7932
Epoch 3/80

[1m 1/27[0m [37m====================[0m [1m0s[0m 28ms/step - categorical_accuracy: 0.7500 - loss: 0.7273
[1m 9/27[0m [32m======[0m[37m==============[0m [1m0s[0m 7ms/step - categorical_accuracy: 0.7686 - loss: 0.6535 
[1m17/27[0m [32m============[0m[37m========[0m [1m0s[0m 7ms/step - categorical_accuracy: 0.7481 - loss: 0.7015
[1m25/27[0m [32m==================[0m[37m==[0m [1m0s[0m 7ms/step - categorical_accuracy: 0.7386 - loss: 0.7415
[1m27/27[0m [32m====================[0m[37m[0m [1m0s[0m 10ms/step - categorical_accuracy: 0.7037 - loss: 0.8496 - val_categorical_accuracy: 0.7407 - val_loss: 0.6780
Epoch 4/80

[1m 1/27[0m [37m====================[0m [1m0s[0m 31ms/step - categorical_accuracy: 0.8750 - loss: 0.3053
[1m 8/27[0m [32m=====[0m[37m===============[0m [1m0s[0m 7ms/step - categorical_accuracy: 0.7405 - loss: 0.5589 
[1m16/27[0m [32m===========[0m[37m=========[0m [1m0s[0m 7ms/step - categorical_accuracy: 0.7114 - loss: 0.6103
[1m24/27[0m [32m=================[0m[37m===[0m [1m0s[0m 7ms/step - categorical_accuracy: 0.7012 - loss: 0.6209
[1m27/27[0m [32m====================[0m[37m[0m [1m0s[0m 9ms/step - categorical_accuracy: 0.6852 - loss: 0.6406 - val_categorical_accuracy: 0.7593 - val_loss: 0.5832
Epoch 5/80

[1m 1/27[0m [37m====================[0m [1m0s[0m 26ms/step - categorical_accuracy: 0.8750 - loss: 0.2685
[1m 9/27[0m [32m======[0m[37m==============[0m [1m0s[0m 7ms/step - categorical_accuracy: 0.7972 - loss: 0.4064 
[1m17/27[0m [32m============[0m[37m========[0m [1m0s[0m 7ms/step - categorical_accuracy: 0.7928 - loss: 0.4364
[1m25/27[0m [32m==================[0m[37m==[0m [1m0s[0m 7ms/step - categorical_accuracy: 0.7850 - loss: 0.4551
[1m27/27[0m [32m====================[0m[37m[0m [1m0s[0m 9ms/step - categorical_accuracy: 0.7407 - loss: 0.5415 - val_categorical_accuracy: 0.7593 - val_loss: 0.5755
Epoch 6/80

[1m 1/27[0m [37m====================[0m [1m0s[0m 25ms/step - categorical_accuracy: 0.8750 - loss: 0.4413
[1m 9/27[0m [32m======[0m[37m==============[0m [1m0s[0m 7ms/step - categorical_accuracy: 0.8320 - loss: 0.4493 
[1m17/27[0m [32m============[0m[37m========[0m [1m0s[0m 7ms/step - categorical_accuracy: 0.7996 - loss: 0.4973
[1m25/27[0m [32m==================[0m[37m==[0m [1m0s[0m 7ms/step - categorical_accuracy: 0.7930 - loss: 0.5115
[1m27/27[0m [32m====================[0m[37m[0m [1m0s[0m 9ms/step - categorical_accuracy: 0.7917 - loss: 0.5219 - val_categorical_accuracy: 0.8704 - val_loss: 0.4723
Epoch 7/80

[1m 1/27[0m [37m====================[0m [1m0s[0m 24ms/step - categorical_accuracy: 0.7500 - loss: 0.5722
[1m10/27[0m [32m=======[0m[37m=============[0m [1m0s[0m 6ms/step - categorical_accuracy: 0.8254 - loss: 0.4978 
[1m18/27[0m [32m=============[0m[37m=======[0m [1m0s[0m 6ms/step - categorical_accuracy: 0.8258 - loss: 0.4895
[1m26/27[0m [32m===================[0m[37m=[0m [1m0s[0m 6ms/step - categorical_accuracy: 0.8226 - loss: 0.4871
[1m27/27[0m [32m====================[0m[37m[0m [1m0s[0m 9ms/step - categorical_accuracy: 0.8102 - loss: 0.4769 - val_categorical_accuracy: 0.8148 - val_loss: 0.5193
Epoch 8/80

[1m 1/27[0m [37m====================[0m [1m0s[0m 24ms/step - categorical_accuracy: 0.7500 - loss: 0.4747
[1m 9/27[0m [32m======[0m[37m==============[0m [1m0s[0m 7ms/step - categorical_accuracy: 0.7742 - loss: 0.5058 
[1m17/27[0m [32m============[0m[37m========[0m [1m0s[0m 7ms/step - categorical_accuracy: 0.7772 - loss: 0.5196
[1m25/27[0m [32m==================[0m[37m==[0m [1m0s[0m 7ms/step - categorical_accuracy: 0.7773 - loss: 0.5168
[1m27/27[0m [32m====================[0m[37m[0m [1m0s[0m 10ms/step - categorical_accuracy: 0.7824 - loss: 0.4901 - val_categorical_accuracy: 0.8519 - val_loss: 0.4323
Epoch 9/80

[1m 1/27[0m [37m====================[0m [1m0s[0m 26ms/step - categorical_accuracy: 0.8750 - loss: 0.3542
[1m 9/27[0m [32m======[0m[37m==============[0m [1m0s[0m 7ms/step - categorical_accuracy: 0.7437 - loss: 0.4690 
[1m17/27[0m [32m============[0m[37m========[0m [1m0s[0m 7ms/step - categorical_accuracy: 0.7686 - loss: 0.4380
[1m25/27[0m [32m==================[0m[37m==[0m [1m0s[0m 7ms/step - categorical_accuracy: 0.7838 - loss: 0.4275
[1m27/27[0m [32m====================[0m[37m[0m [1m0s[0m 9ms/step - categorical_accuracy: 0.8333 - loss: 0.3924 - val_categorical_accuracy: 0.8889 - val_loss: 0.4005
Epoch 10/80

[1m 1/27[0m [37m====================[0m [1m0s[0m 25ms/step - categorical_accuracy: 0.7500 - loss: 0.2781
[1m 9/27[0m [32m======[0m[37m==============[0m [1m0s[0m 6ms/step - categorical_accuracy: 0.9108 - loss: 0.1825 
[1m18/27[0m [32m=============[0m[37m=======[0m [1m0s[0m 6ms/step - categorical_accuracy: 0.8982 - loss: 0.2554
[1m26/27[0m [32m===================[0m[37m=[0m [1m0s[0m 6ms/step - categorical_accuracy: 0.8931 - loss: 0.2862
[1m27/27[0m [32m====================[0m[37m[0m [1m0s[0m 9ms/step - categorical_accuracy: 0.8843 - loss: 0.3555 - val_categorical_accuracy: 0.9074 - val_loss: 0.3487
Epoch 11/80

[1m 1/27[0m [37m====================[0m [1m0s[0m 24ms/step - categorical_accuracy: 0.8750 - loss: 0.2710
[1m 9/27[0m [32m======[0m[37m==============[0m [1m0s[0m 6ms/step - categorical_accuracy: 0.9016 - loss: 0.3282 
[1m17/27[0m [32m============[0m[37m========[0m [1m0s[0m 6ms/step - categorical_accuracy: 0.9018 - loss: 0.3437
[1m25/27[0m [32m==================[0m[37m==[0m [1m0s[0m 6ms/step - categorical_accuracy: 0.8997 - loss: 0.3700
[1m27/27[0m [32m====================[0m[37m[0m [1m0s[0m 9ms/step - categorical_accuracy: 0.8796 - loss: 0.4708 - val_categorical_accuracy: 0.7407 - val_loss: 0.8337
Epoch 12/80

[1m 1/27[0m [37m====================[0m [1m0s[0m 25ms/step - categorical_accuracy: 0.6250 - loss: 1.2088
[1m 9/27[0m [32m======[0m[37m==============[0m [1m0s[0m 6ms/step - categorical_accuracy: 0.7292 - loss: 0.7582 
[1m17/27[0m [32m============[0m[37m========[0m [1m0s[0m 6ms/step - categorical_accuracy: 0.7373 - loss: 0.6855
[1m26/27[0m [32m===================[0m[37m=[0m [1m0s[0m 6ms/step - categorical_accuracy: 0.7257 - loss: 0.6968
[1m27/27[0m [32m====================[0m[37m[0m [1m0s[0m 9ms/step - categorical_accuracy: 0.6852 - loss: 0.8070 - val_categorical_accuracy: 0.5370 - val_loss: 1.0137
Epoch 13/80

[1m 1/27[0m [37m====================[0m [1m0s[0m 25ms/step - categorical_accuracy: 0.5000 - loss: 0.6926
[1m 9/27[0m [32m======[0m[37m==============[0m [1m0s[0m 7ms/step - categorical_accuracy: 0.6318 - loss: 0.6336 
[1m16/27[0m [32m===========[0m[37m=========[0m [1m0s[0m 7ms/step - categorical_accuracy: 0.6717 - loss: 0.6144
[1m24/27[0m [32m=================[0m[37m===[0m [1m0s[0m 7ms/step - categorical_accuracy: 0.6921 - loss: 0.6159
[1m27/27[0m [32m====================[0m[37m[0m [1m0s[0m 10ms/step - categorical_accuracy: 0.7593 - loss: 0.5697 - val_categorical_accuracy: 0.8148 - val_loss: 0.4175
Epoch 14/80

[1m 1/27[0m [37m====================[0m [1m0s[0m 33ms/step - categorical_accuracy: 1.0000 - loss: 0.1545
[1m 8/27[0m [32m=====[0m[37m===============[0m [1m0s[0m 8ms/step - categorical_accuracy: 0.9061 - loss: 0.3343 
[1m16/27[0m [32m===========[0m[37m=========[0m [1m0s[0m 7ms/step - categorical_accuracy: 0.8824 - loss: 0.3761
[1m24/27[0m [32m=================[0m[37m===[0m [1m0s[0m 7ms/step - categorical_accuracy: 0.8675 - loss: 0.3910
[1m27/27[0m [32m====================[0m[37m[0m [1m0s[0m 9ms/step - categorical_accuracy: 0.8380 - loss: 0.4146 - val_categorical_accuracy: 0.8519 - val_loss: 0.3439
Epoch 15/80

[1m 1/27[0m [37m====================[0m [1m0s[0m 35ms/step - categorical_accuracy: 1.0000 - loss: 0.2028
[1m 8/27[0m [32m=====[0m[37m===============[0m [1m0s[0m 8ms/step - categorical_accuracy: 0.9274 - loss: 0.3029 
[1m16/27[0m [32m===========[0m[37m=========[0m [1m0s[0m 7ms/step - categorical_accuracy: 0.9025 - loss: 0.3242
[1m24/27[0m [32m=================[0m[37m===[0m [1m0s[0m 7ms/step - categorical_accuracy: 0.8933 - loss: 0.3251
[1m27/27[0m [32m====================[0m[37m[0m [1m0s[0m 10ms/step - categorical_accuracy: 0.8750 - loss: 0.3215 - val_categorical_accuracy: 0.7222 - val_loss: 0.6011
Epoch 16/80

[1m 1/27[0m [37m====================[0m [1m0s[0m 26ms/step - categorical_accuracy: 0.7500 - loss: 0.4796
[1m 9/27[0m [32m======[0m[37m==============[0m [1m0s[0m 7ms/step - categorical_accuracy: 0.7849 - loss: 0.4789 
[1m17/27[0m [32m============[0m[37m========[0m [1m0s[0m 7ms/step - categorical_accuracy: 0.7775 - loss: 0.5308
[1m25/27[0m [32m==================[0m[37m==[0m [1m0s[0m 7ms/step - categorical_accuracy: 0.7886 - loss: 0.5173
[1m27/27[0m [32m====================[0m[37m[0m [1m0s[0m 10ms/step - categorical_accuracy: 0.8380 - loss: 0.4537 - val_categorical_accuracy: 0.8889 - val_loss: 0.3795
Epoch 17/80

[1m 1/27[0m [37m====================[0m [1m0s[0m 26ms/step - categorical_accuracy: 0.8750 - loss: 0.2968
[1m 9/27[0m [32m======[0m[37m==============[0m [1m0s[0m 7ms/step - categorical_accuracy: 0.8657 - loss: 0.3172 
[1m16/27[0m [32m===========[0m[37m=========[0m [1m0s[0m 7ms/step - categorical_accuracy: 0.8665 - loss: 0.3266
[1m24/27[0m [32m=================[0m[37m===[0m [1m0s[0m 7ms/step - categorical_accuracy: 0.8699 - loss: 0.3218
[1m27/27[0m [32m====================[0m[37m[0m [1m0s[0m 10ms/step - categorical_accuracy: 0.8704 - loss: 0.3012 - val_categorical_accuracy: 0.8704 - val_loss: 0.3462
Epoch 18/80

[1m 1/27[0m [37m====================[0m [1m0s[0m 28ms/step - categorical_accuracy: 0.7500 - loss: 0.5161
[1m 9/27[0m [32m======[0m[37m==============[0m [1m0s[0m 7ms/step - categorical_accuracy: 0.8940 - loss: 0.3028 
[1m17/27[0m [32m============[0m[37m========[0m [1m0s[0m 7ms/step - categorical_accuracy: 0.9185 - loss: 0.2517
[1m25/27[0m [32m==================[0m[37m==[0m [1m0s[0m 7ms/step - categorical_accuracy: 0.9272 - loss: 0.2416
[1m27/27[0m [32m====================[0m[37m[0m [1m0s[0m 10ms/step - categorical_accuracy: 0.9491 - loss: 0.2040 - val_categorical_accuracy: 0.9259 - val_loss: 0.2993
Epoch 19/80

[1m 1/27[0m [37m====================[0m [1m0s[0m 24ms/step - categorical_accuracy: 0.8750 - loss: 0.4360
[1m 9/27[0m [32m======[0m[37m==============[0m [1m0s[0m 6ms/step - categorical_accuracy: 0.9347 - loss: 0.2416 
[1m17/27[0m [32m============[0m[37m========[0m [1m0s[0m 6ms/step - categorical_accuracy: 0.9489 - loss: 0.2110
[1m25/27[0m [32m==================[0m[37m==[0m [1m0s[0m 6ms/step - categorical_accuracy: 0.9482 - loss: 0.2038
[1m27/27[0m [32m====================[0m[37m[0m [1m0s[0m 9ms/step - categorical_accuracy: 0.9491 - loss: 0.1778 - val_categorical_accuracy: 0.9259 - val_loss: 0.2553
Epoch 20/80

[1m 1/27[0m [37m====================[0m [1m0s[0m 24ms/step - categorical_accuracy: 1.0000 - loss: 0.0764
[1m 9/27[0m [32m======[0m[37m==============[0m [1m0s[0m 6ms/step - categorical_accuracy: 0.9862 - loss: 0.1119 
[1m17/27[0m [32m============[0m[37m========[0m [1m0s[0m 6ms/step - categorical_accuracy: 0.9756 - loss: 0.1262
[1m25/27[0m [32m==================[0m[37m==[0m [1m0s[0m 6ms/step - categorical_accuracy: 0.9663 - loss: 0.1470
[1m27/27[0m [32m====================[0m[37m[0m [1m0s[0m 9ms/step - categorical_accuracy: 0.9398 - loss: 0.2178 - val_categorical_accuracy: 0.9444 - val_loss: 0.2059
Epoch 21/80

[1m 1/27[0m [37m====================[0m [1m0s[0m 25ms/step - categorical_accuracy: 1.0000 - loss: 0.1302
[1m 9/27[0m [32m======[0m[37m==============[0m [1m0s[0m 6ms/step - categorical_accuracy: 0.9702 - loss: 0.1685 
[1m17/27[0m [32m============[0m[37m========[0m [1m0s[0m 6ms/step - categorical_accuracy: 0.9567 - loss: 0.1761
[1m25/27[0m [32m==================[0m[37m==[0m [1m0s[0m 6ms/step - categorical_accuracy: 0.9549 - loss: 0.1748
[1m27/27[0m [32m====================[0m[37m[0m [1m0s[0m 9ms/step - categorical_accuracy: 0.9537 - loss: 0.1593 - val_categorical_accuracy: 0.9444 - val_loss: 0.1737
Epoch 22/80

[1m 1/27[0m [37m====================[0m [1m0s[0m 24ms/step - categorical_accuracy: 1.0000 - loss: 0.0645
[1m 9/27[0m [32m======[0m[37m==============[0m [1m0s[0m 6ms/step - categorical_accuracy: 0.9740 - loss: 0.0980 
[1m16/27[0m [32m===========[0m[37m=========[0m [1m0s[0m 7ms/step - categorical_accuracy: 0.9678 - loss: 0.1098
[1m24/27[0m [32m=================[0m[37m===[0m [1m0s[0m 7ms/step - categorical_accuracy: 0.9620 - loss: 0.1219
[1m27/27[0m [32m====================[0m[37m[0m [1m0s[0m 9ms/step - categorical_accuracy: 0.9583 - loss: 0.1344 - val_categorical_accuracy: 0.9444 - val_loss: 0.1755
Epoch 23/80

[1m 1/27[0m [37m====================[0m [1m0s[0m 26ms/step - categorical_accuracy: 1.0000 - loss: 0.0438
[1m 9/27[0m [32m======[0m[37m==============[0m [1m0s[0m 7ms/step - categorical_accuracy: 0.9710 - loss: 0.0986 
[1m17/27[0m [32m============[0m[37m========[0m [1m0s[0m 7ms/step - categorical_accuracy: 0.9693 - loss: 0.1022
[1m25/27[0m [32m==================[0m[37m==[0m [1m0s[0m 7ms/step - categorical_accuracy: 0.9702 - loss: 0.1038
[1m27/27[0m [32m====================[0m[37m[0m [1m0s[0m 10ms/step - categorical_accuracy: 0.9676 - loss: 0.1144 - val_categorical_accuracy: 0.9259 - val_loss: 0.1776
Epoch 24/80

[1m 1/27[0m [37m====================[0m [1m0s[0m 24ms/step - categorical_accuracy: 1.0000 - loss: 0.0298
[1m 9/27[0m [32m======[0m[37m==============[0m [1m0s[0m 7ms/step - categorical_accuracy: 0.9783 - loss: 0.0829 
[1m17/27[0m [32m============[0m[37m========[0m [1m0s[0m 6ms/step - categorical_accuracy: 0.9633 - loss: 0.1180
[1m25/27[0m [32m==================[0m[37m==[0m [1m0s[0m 6ms/step - categorical_accuracy: 0.9558 - loss: 0.1447
[1m27/27[0m [32m====================[0m[37m[0m [1m0s[0m 9ms/step - categorical_accuracy: 0.9444 - loss: 0.1940 - val_categorical_accuracy: 0.9259 - val_loss: 0.2242
Epoch 25/80

[1m 1/27[0m [37m====================[0m [1m0s[0m 24ms/step - categorical_accuracy: 0.8750 - loss: 0.1507
[1m 9/27[0m [32m======[0m[37m==============[0m [1m0s[0m 6ms/step - categorical_accuracy: 0.9352 - loss: 0.1581 
[1m17/27[0m [32m============[0m[37m========[0m [1m0s[0m 6ms/step - categorical_accuracy: 0.9290 - loss: 0.2004
[1m25/27[0m [32m==================[0m[37m==[0m [1m0s[0m 6ms/step - categorical_accuracy: 0.9295 - loss: 0.2152
[1m27/27[0m [32m====================[0m[37m[0m [1m0s[0m 9ms/step - categorical_accuracy: 0.9352 - loss: 0.2335 - val_categorical_accuracy: 0.9444 - val_loss: 0.1819
Epoch 26/80

[1m 1/27[0m [37m====================[0m [1m0s[0m 23ms/step - categorical_accuracy: 1.0000 - loss: 0.0516
[1m 9/27[0m [32m======[0m[37m==============[0m [1m0s[0m 6ms/step - categorical_accuracy: 0.9438 - loss: 0.2376 
[1m17/27[0m [32m============[0m[37m========[0m [1m0s[0m 6ms/step - categorical_accuracy: 0.9056 - loss: 0.3587
[1m25/27[0m [32m==================[0m[37m==[0m [1m0s[0m 6ms/step - categorical_accuracy: 0.8880 - loss: 0.3968
[1m27/27[0m [32m====================[0m[37m[0m [1m0s[0m 9ms/step - categorical_accuracy: 0.8565 - loss: 0.4538 - val_categorical_accuracy: 0.8704 - val_loss: 0.4511
Epoch 27/80

[1m 1/27[0m [37m====================[0m [1m0s[0m 24ms/step - categorical_accuracy: 0.7500 - loss: 0.4849
[1m 9/27[0m [32m======[0m[37m==============[0m [1m0s[0m 6ms/step - categorical_accuracy: 0.7179 - loss: 0.6567 
[1m17/27[0m [32m============[0m[37m========[0m [1m0s[0m 7ms/step - categorical_accuracy: 0.6995 - loss: 0.8112
[1m25/27[0m [32m==================[0m[37m==[0m [1m0s[0m 6ms/step - categorical_accuracy: 0.6986 - loss: 0.8553
[1m27/27[0m [32m====================[0m[37m[0m [1m0s[0m 9ms/step - categorical_accuracy: 0.7176 - loss: 0.8904 - val_categorical_accuracy: 0.9074 - val_loss: 0.4493
Epoch 28/80

[1m 1/27[0m [37m====================[0m [1m0s[0m 26ms/step - categorical_accuracy: 1.0000 - loss: 0.3159
[1m 9/27[0m [32m======[0m[37m==============[0m [1m0s[0m 7ms/step - categorical_accuracy: 0.8822 - loss: 0.6266 
[1m17/27[0m [32m============[0m[37m========[0m [1m0s[0m 7ms/step - categorical_accuracy: 0.8637 - loss: 0.6274
[1m25/27[0m [32m==================[0m[37m==[0m [1m0s[0m 7ms/step - categorical_accuracy: 0.8566 - loss: 0.5999
[1m27/27[0m [32m====================[0m[37m[0m [1m0s[0m 9ms/step - categorical_accuracy: 0.8565 - loss: 0.4765 - val_categorical_accuracy: 0.9074 - val_loss: 0.3821
Epoch 29/80

[1m 1/27[0m [37m====================[0m [1m0s[0m 25ms/step - categorical_accuracy: 1.0000 - loss: 0.2709
[1m10/27[0m [32m=======[0m[37m=============[0m [1m0s[0m 6ms/step - categorical_accuracy: 0.9580 - loss: 0.2907 
[1m18/27[0m [32m=============[0m[37m=======[0m [1m0s[0m 6ms/step - categorical_accuracy: 0.9649 - loss: 0.2474
[1m26/27[0m [32m===================[0m[37m=[0m [1m0s[0m 7ms/step - categorical_accuracy: 0.9641 - loss: 0.2315
[1m27/27[0m [32m====================[0m[37m[0m [1m0s[0m 9ms/step - categorical_accuracy: 0.9444 - loss: 0.2139 - val_categorical_accuracy: 0.7963 - val_loss: 0.3840
Epoch 30/80

[1m 1/27[0m [37m====================[0m [1m0s[0m 27ms/step - categorical_accuracy: 0.8750 - loss: 0.2946
[1m 9/27[0m [32m======[0m[37m==============[0m [1m0s[0m 7ms/step - categorical_accuracy: 0.9012 - loss: 0.2391 
[1m17/27[0m [32m============[0m[37m========[0m [1m0s[0m 7ms/step - categorical_accuracy: 0.9253 - loss: 0.2101
[1m25/27[0m [32m==================[0m[37m==[0m [1m0s[0m 7ms/step - categorical_accuracy: 0.9343 - loss: 0.1973
[1m27/27[0m [32m====================[0m[37m[0m [1m0s[0m 10ms/step - categorical_accuracy: 0.9491 - loss: 0.1795 - val_categorical_accuracy: 0.9074 - val_loss: 0.3610
Epoch 31/80

[1m 1/27[0m [37m====================[0m [1m0s[0m 27ms/step - categorical_accuracy: 1.0000 - loss: 0.0923
[1m 9/27[0m [32m======[0m[37m==============[0m [1m0s[0m 7ms/step - categorical_accuracy: 0.9896 - loss: 0.1148 
[1m17/27[0m [32m============[0m[37m========[0m [1m0s[0m 7ms/step - categorical_accuracy: 0.9891 - loss: 0.1116
[1m25/27[0m [32m==================[0m[37m==[0m [1m0s[0m 7ms/step - categorical_accuracy: 0.9846 - loss: 0.1139
[1m27/27[0m [32m====================[0m[37m[0m [1m0s[0m 9ms/step - categorical_accuracy: 0.9676 - loss: 0.1463 - val_categorical_accuracy: 0.9259 - val_loss: 0.3184
Epoch 32/80

[1m 1/27[0m [37m====================[0m [1m0s[0m 24ms/step - categorical_accuracy: 1.0000 - loss: 0.0734
[1m 9/27[0m [32m======[0m[37m==============[0m [1m0s[0m 7ms/step - categorical_accuracy: 0.9605 - loss: 0.1926 
[1m17/27[0m [32m============[0m[37m========[0m [1m0s[0m 7ms/step - categorical_accuracy: 0.9508 - loss: 0.2003
[1m25/27[0m [32m==================[0m[37m==[0m [1m0s[0m 7ms/step - categorical_accuracy: 0.9441 - loss: 0.2139
[1m27/27[0m [32m====================[0m[37m[0m [1m0s[0m 10ms/step - categorical_accuracy: 0.9352 - loss: 0.2268 - val_categorical_accuracy: 0.9259 - val_loss: 0.2984
Epoch 33/80

[1m 1/27[0m [37m====================[0m [1m0s[0m 28ms/step - categorical_accuracy: 1.0000 - loss: 0.0401
[1m 8/27[0m [32m=====[0m[37m===============[0m [1m0s[0m 8ms/step - categorical_accuracy: 0.9939 - loss: 0.0760 
[1m15/27[0m [32m===========[0m[37m=========[0m [1m0s[0m 8ms/step - categorical_accuracy: 0.9817 - loss: 0.1210
[1m23/27[0m [32m=================[0m[37m===[0m [1m0s[0m 7ms/step - categorical_accuracy: 0.9813 - loss: 0.1243
[1m27/27[0m [32m====================[0m[37m[0m [1m0s[0m 10ms/step - categorical_accuracy: 0.9815 - loss: 0.1204 - val_categorical_accuracy: 0.9259 - val_loss: 0.3063
Epoch 34/80

[1m 1/27[0m [37m====================[0m [1m0s[0m 25ms/step - categorical_accuracy: 1.0000 - loss: 0.0606
[1m 9/27[0m [32m======[0m[37m==============[0m [1m0s[0m 7ms/step - categorical_accuracy: 0.9862 - loss: 0.0719 
[1m17/27[0m [32m============[0m[37m========[0m [1m0s[0m 7ms/step - categorical_accuracy: 0.9823 - loss: 0.0864
[1m25/27[0m [32m==================[0m[37m==[0m [1m0s[0m 7ms/step - categorical_accuracy: 0.9787 - loss: 0.0985
[1m27/27[0m [32m====================[0m[37m[0m [1m0s[0m 10ms/step - categorical_accuracy: 0.9398 - loss: 0.2460 - val_categorical_accuracy: 0.6111 - val_loss: 1.1826
Epoch 35/80

[1m 1/27[0m [37m====================[0m [1m0s[0m 37ms/step - categorical_accuracy: 0.3750 - loss: 2.8748
[1m 8/27[0m [32m=====[0m[37m===============[0m [1m0s[0m 8ms/step - categorical_accuracy: 0.5127 - loss: 1.7894 
[1m16/27[0m [32m===========[0m[37m=========[0m [1m0s[0m 7ms/step - categorical_accuracy: 0.5403 - loss: 1.5148
[1m22/27[0m [32m================[0m[37m====[0m [1m0s[0m 8ms/step - categorical_accuracy: 0.5531 - loss: 1.4202
[1m27/27[0m [32m====================[0m[37m[0m [1m0s[0m 10ms/step - categorical_accuracy: 0.6250 - loss: 1.0695 - val_categorical_accuracy: 0.7963 - val_loss: 0.6290
Epoch 36/80

[1m 1/27[0m [37m====================[0m [1m0s[0m 24ms/step - categorical_accuracy: 0.7500 - loss: 0.7900
[1m 9/27[0m [32m======[0m[37m==============[0m [1m0s[0m 6ms/step - categorical_accuracy: 0.7433 - loss: 0.7489 
[1m17/27[0m [32m============[0m[37m========[0m [1m0s[0m 7ms/step - categorical_accuracy: 0.7358 - loss: 0.7411
[1m25/27[0m [32m==================[0m[37m==[0m [1m0s[0m 7ms/step - categorical_accuracy: 0.7399 - loss: 0.7130
[1m27/27[0m [32m====================[0m[37m[0m [1m0s[0m 9ms/step - categorical_accuracy: 0.7407 - loss: 0.6322 - val_categorical_accuracy: 0.8148 - val_loss: 0.4793
Epoch 37/80

[1m 1/27[0m [37m====================[0m [1m0s[0m 25ms/step - categorical_accuracy: 0.5000 - loss: 0.6686
[1m 9/27[0m [32m======[0m[37m==============[0m [1m0s[0m 7ms/step - categorical_accuracy: 0.6509 - loss: 0.5812 
[1m17/27[0m [32m============[0m[37m========[0m [1m0s[0m 7ms/step - categorical_accuracy: 0.6879 - loss: 0.5735
[1m24/27[0m [32m=================[0m[37m===[0m [1m0s[0m 7ms/step - categorical_accuracy: 0.7064 - loss: 0.5582
[1m27/27[0m [32m====================[0m[37m[0m [1m0s[0m 10ms/step - categorical_accuracy: 0.7500 - loss: 0.5248 - val_categorical_accuracy: 0.7963 - val_loss: 0.5467
Epoch 38/80

[1m 1/27[0m [37m====================[0m [1m0s[0m 33ms/step - categorical_accuracy: 0.7500 - loss: 0.4267
[1m 8/27[0m [32m=====[0m[37m===============[0m [1m0s[0m 7ms/step - categorical_accuracy: 0.7742 - loss: 0.4368 
[1m16/27[0m [32m===========[0m[37m=========[0m [1m0s[0m 7ms/step - categorical_accuracy: 0.7788 - loss: 0.4714
[1m23/27[0m [32m=================[0m[37m===[0m [1m0s[0m 7ms/step - categorical_accuracy: 0.7775 - loss: 0.4814
[1m27/27[0m [32m====================[0m[37m[0m [1m0s[0m 10ms/step - categorical_accuracy: 0.7778 - loss: 0.5161 - val_categorical_accuracy: 0.8333 - val_loss: 0.4542
Epoch 39/80

[1m 1/27[0m [37m====================[0m [1m0s[0m 27ms/step - categorical_accuracy: 0.6250 - loss: 0.8926
[1m 9/27[0m [32m======[0m[37m==============[0m [1m0s[0m 7ms/step - categorical_accuracy: 0.7150 - loss: 0.7189 
[1m17/27[0m [32m============[0m[37m========[0m [1m0s[0m 7ms/step - categorical_accuracy: 0.7510 - loss: 0.6267
[1m25/27[0m [32m==================[0m[37m==[0m [1m0s[0m 7ms/step - categorical_accuracy: 0.7694 - loss: 0.5771
[1m27/27[0m [32m====================[0m[37m[0m [1m0s[0m 10ms/step - categorical_accuracy: 0.8102 - loss: 0.4694 - val_categorical_accuracy: 0.7963 - val_loss: 0.5038
Epoch 40/80

[1m 1/27[0m [37m====================[0m [1m0s[0m 27ms/step - categorical_accuracy: 0.8750 - loss: 0.3075
[1m 9/27[0m [32m======[0m[37m==============[0m [1m0s[0m 7ms/step - categorical_accuracy: 0.8857 - loss: 0.3427 
[1m17/27[0m [32m============[0m[37m========[0m [1m0s[0m 7ms/step - categorical_accuracy: 0.8693 - loss: 0.3708
[1m24/27[0m [32m=================[0m[37m===[0m [1m0s[0m 7ms/step - categorical_accuracy: 0.8585 - loss: 0.3896
[1m27/27[0m [32m====================[0m[37m[0m [1m0s[0m 10ms/step - categorical_accuracy: 0.8333 - loss: 0.4207 - val_categorical_accuracy: 0.8704 - val_loss: 0.4750
Epoch 41/80

[1m 1/27[0m [37m====================[0m [1m0s[0m 26ms/step - categorical_accuracy: 0.8750 - loss: 0.3986
[1m 9/27[0m [32m======[0m[37m==============[0m [1m0s[0m 7ms/step - categorical_accuracy: 0.8806 - loss: 0.3469 
[1m17/27[0m [32m============[0m[37m========[0m [1m0s[0m 7ms/step - categorical_accuracy: 0.8995 - loss: 0.3319
[1m25/27[0m [32m==================[0m[37m==[0m [1m0s[0m 7ms/step - categorical_accuracy: 0.9107 - loss: 0.3169
[1m27/27[0m [32m====================[0m[37m[0m [1m0s[0m 10ms/step - categorical_accuracy: 0.9306 - loss: 0.2947 - val_categorical_accuracy: 0.8519 - val_loss: 0.3762
Epoch 42/80

[1m 1/27[0m [37m====================[0m [1m0s[0m 32ms/step - categorical_accuracy: 0.8750 - loss: 0.6048
[1m 8/27[0m [32m=====[0m[37m===============[0m [1m0s[0m 8ms/step - categorical_accuracy: 0.9427 - loss: 0.3209 
[1m15/27[0m [32m===========[0m[37m=========[0m [1m0s[0m 8ms/step - categorical_accuracy: 0.9415 - loss: 0.2882
[1m22/27[0m [32m================[0m[37m====[0m [1m0s[0m 8ms/step - categorical_accuracy: 0.9374 - loss: 0.2775
[1m27/27[0m [32m====================[0m[37m[0m [1m0s[0m 11ms/step - categorical_accuracy: 0.9028 - loss: 0.2980 - val_categorical_accuracy: 0.8519 - val_loss: 0.4860
Epoch 43/80

[1m 1/27[0m [37m====================[0m [1m0s[0m 25ms/step - categorical_accuracy: 0.8750 - loss: 0.2096
[1m 9/27[0m [32m======[0m[37m==============[0m [1m0s[0m 7ms/step - categorical_accuracy: 0.8583 - loss: 0.3476 
[1m17/27[0m [32m============[0m[37m========[0m [1m0s[0m 7ms/step - categorical_accuracy: 0.8738 - loss: 0.3399
[1m25/27[0m [32m==================[0m[37m==[0m [1m0s[0m 7ms/step - categorical_accuracy: 0.8815 - loss: 0.3301
[1m27/27[0m [32m====================[0m[37m[0m [1m0s[0m 9ms/step - categorical_accuracy: 0.8796 - loss: 0.3528 - val_categorical_accuracy: 0.8333 - val_loss: 0.4481
Epoch 44/80

[1m 1/27[0m [37m====================[0m [1m0s[0m 25ms/step - categorical_accuracy: 0.7500 - loss: 0.5018
[1m 8/27[0m [32m=====[0m[37m===============[0m [1m0s[0m 7ms/step - categorical_accuracy: 0.7688 - loss: 0.5678 
[1m16/27[0m [32m===========[0m[37m=========[0m [1m0s[0m 7ms/step - categorical_accuracy: 0.8015 - loss: 0.4899
[1m24/27[0m [32m=================[0m[37m===[0m [1m0s[0m 7ms/step - categorical_accuracy: 0.8181 - loss: 0.4543
[1m27/27[0m [32m====================[0m[37m[0m [1m0s[0m 10ms/step - categorical_accuracy: 0.8565 - loss: 0.3824 - val_categorical_accuracy: 0.9074 - val_loss: 0.3062
Epoch 45/80

[1m 1/27[0m [37m====================[0m [1m0s[0m 25ms/step - categorical_accuracy: 1.0000 - loss: 0.1062
[1m 9/27[0m [32m======[0m[37m==============[0m [1m0s[0m 7ms/step - categorical_accuracy: 0.9331 - loss: 0.2222 
[1m17/27[0m [32m============[0m[37m========[0m [1m0s[0m 7ms/step - categorical_accuracy: 0.9114 - loss: 0.2678
[1m25/27[0m [32m==================[0m[37m==[0m [1m0s[0m 7ms/step - categorical_accuracy: 0.9079 - loss: 0.2682
[1m27/27[0m [32m====================[0m[37m[0m [1m0s[0m 9ms/step - categorical_accuracy: 0.9120 - loss: 0.2441 - val_categorical_accuracy: 0.9074 - val_loss: 0.2892
Epoch 46/80

[1m 1/27[0m [37m====================[0m [1m0s[0m 26ms/step - categorical_accuracy: 0.8750 - loss: 0.3735
[1m 9/27[0m [32m======[0m[37m==============[0m [1m0s[0m 7ms/step - categorical_accuracy: 0.9531 - loss: 0.1647 
[1m17/27[0m [32m============[0m[37m========[0m [1m0s[0m 7ms/step - categorical_accuracy: 0.9618 - loss: 0.1455
[1m24/27[0m [32m=================[0m[37m===[0m [1m0s[0m 7ms/step - categorical_accuracy: 0.9629 - loss: 0.1475
[1m27/27[0m [32m====================[0m[37m[0m [1m0s[0m 10ms/step - categorical_accuracy: 0.9676 - loss: 0.1503 - val_categorical_accuracy: 0.9259 - val_loss: 0.2418
Epoch 47/80

[1m 1/27[0m [37m====================[0m [1m0s[0m 27ms/step - categorical_accuracy: 1.0000 - loss: 0.0549
[1m 8/27[0m [32m=====[0m[37m===============[0m [1m0s[0m 7ms/step - categorical_accuracy: 0.9432 - loss: 0.2323 
[1m15/27[0m [32m===========[0m[37m=========[0m [1m0s[0m 7ms/step - categorical_accuracy: 0.9472 - loss: 0.2169
[1m23/27[0m [32m=================[0m[37m===[0m [1m0s[0m 7ms/step - categorical_accuracy: 0.9526 - loss: 0.1998
[1m27/27[0m [32m====================[0m[37m[0m [1m0s[0m 10ms/step - categorical_accuracy: 0.9630 - loss: 0.1613 - val_categorical_accuracy: 0.9259 - val_loss: 0.2409
Epoch 48/80

[1m 1/27[0m [37m====================[0m [1m0s[0m 25ms/step - categorical_accuracy: 1.0000 - loss: 0.0525
[1m 9/27[0m [32m======[0m[37m==============[0m [1m0s[0m 7ms/step - categorical_accuracy: 0.9934 - loss: 0.0851 
[1m17/27[0m [32m============[0m[37m========[0m [1m0s[0m 7ms/step - categorical_accuracy: 0.9862 - loss: 0.1087
[1m25/27[0m [32m==================[0m[37m==[0m [1m0s[0m 7ms/step - categorical_accuracy: 0.9831 - loss: 0.1153
[1m27/27[0m [32m====================[0m[37m[0m [1m0s[0m 9ms/step - categorical_accuracy: 0.9815 - loss: 0.1124 - val_categorical_accuracy: 0.9444 - val_loss: 0.2043
Epoch 49/80

[1m 1/27[0m [37m====================[0m [1m0s[0m 26ms/step - categorical_accuracy: 1.0000 - loss: 0.0320
[1m 9/27[0m [32m======[0m[37m==============[0m [1m0s[0m 7ms/step - categorical_accuracy: 0.9181 - loss: 0.2808 
[1m17/27[0m [32m============[0m[37m========[0m [1m0s[0m 7ms/step - categorical_accuracy: 0.9328 - loss: 0.2404
[1m25/27[0m [32m==================[0m[37m==[0m [1m0s[0m 7ms/step - categorical_accuracy: 0.9419 - loss: 0.2117
[1m27/27[0m [32m====================[0m[37m[0m [1m0s[0m 10ms/step - categorical_accuracy: 0.9676 - loss: 0.1279 - val_categorical_accuracy: 0.9259 - val_loss: 0.2396
Epoch 50/80

[1m 1/27[0m [37m====================[0m [1m0s[0m 27ms/step - categorical_accuracy: 0.7500 - loss: 0.8213
[1m 9/27[0m [32m======[0m[37m==============[0m [1m0s[0m 7ms/step - categorical_accuracy: 0.8351 - loss: 0.5585 
[1m17/27[0m [32m============[0m[37m========[0m [1m0s[0m 7ms/step - categorical_accuracy: 0.8406 - loss: 0.5339
[1m24/27[0m [32m=================[0m[37m===[0m [1m0s[0m 7ms/step - categorical_accuracy: 0.8484 - loss: 0.5159
[1m27/27[0m [32m====================[0m[37m[0m [1m0s[0m 10ms/step - categorical_accuracy: 0.8796 - loss: 0.4140 - val_categorical_accuracy: 0.9444 - val_loss: 0.2419
Epoch 51/80

[1m 1/27[0m [37m====================[0m [1m0s[0m 29ms/step - categorical_accuracy: 0.8750 - loss: 0.3117
[1m 9/27[0m [32m======[0m[37m==============[0m [1m0s[0m 7ms/step - categorical_accuracy: 0.9574 - loss: 0.1720 
[1m16/27[0m [32m===========[0m[37m=========[0m [1m0s[0m 8ms/step - categorical_accuracy: 0.9618 - loss: 0.1601
[1m23/27[0m [32m=================[0m[37m===[0m [1m0s[0m 8ms/step - categorical_accuracy: 0.9627 - loss: 0.1580
[1m27/27[0m [32m====================[0m[37m[0m [1m0s[0m 11ms/step - categorical_accuracy: 0.9537 - loss: 0.1835 - val_categorical_accuracy: 0.9259 - val_loss: 0.2413
Epoch 52/80

[1m 1/27[0m [37m====================[0m [1m0s[0m 30ms/step - categorical_accuracy: 0.8750 - loss: 0.3643
[1m 8/27[0m [32m=====[0m[37m===============[0m [1m0s[0m 7ms/step - categorical_accuracy: 0.9437 - loss: 0.1835 
[1m15/27[0m [32m===========[0m[37m=========[0m [1m0s[0m 7ms/step - categorical_accuracy: 0.9526 - loss: 0.1641
[1m22/27[0m [32m================[0m[37m====[0m [1m0s[0m 7ms/step - categorical_accuracy: 0.9560 - loss: 0.1590
[1m27/27[0m [32m====================[0m[37m[0m [1m0s[0m 10ms/step - categorical_accuracy: 0.9676 - loss: 0.1283 - val_categorical_accuracy: 0.9259 - val_loss: 0.2525
Epoch 53/80

[1m 1/27[0m [37m====================[0m [1m0s[0m 26ms/step - categorical_accuracy: 1.0000 - loss: 0.0242
[1m 9/27[0m [32m======[0m[37m==============[0m [1m0s[0m 7ms/step - categorical_accuracy: 0.9670 - loss: 0.0895 
[1m16/27[0m [32m===========[0m[37m=========[0m [1m0s[0m 7ms/step - categorical_accuracy: 0.9723 - loss: 0.0840
[1m24/27[0m [32m=================[0m[37m===[0m [1m0s[0m 7ms/step - categorical_accuracy: 0.9656 - loss: 0.1081
[1m27/27[0m [32m====================[0m[37m[0m [1m0s[0m 10ms/step - categorical_accuracy: 0.8981 - loss: 0.6067 - val_categorical_accuracy: 0.6111 - val_loss: 2.0992
Epoch 54/80

[1m 1/27[0m [37m====================[0m [1m0s[0m 27ms/step - categorical_accuracy: 0.5000 - loss: 2.3882
[1m 9/27[0m [32m======[0m[37m==============[0m [1m0s[0m 7ms/step - categorical_accuracy: 0.5197 - loss: 1.8315 
[1m17/27[0m [32m============[0m[37m========[0m [1m0s[0m 7ms/step - categorical_accuracy: 0.5190 - loss: 1.6445
[1m24/27[0m [32m=================[0m[37m===[0m [1m0s[0m 7ms/step - categorical_accuracy: 0.5318 - loss: 1.5201
[1m27/27[0m [32m====================[0m[37m[0m [1m0s[0m 10ms/step - categorical_accuracy: 0.5926 - loss: 1.1065 - val_categorical_accuracy: 0.7963 - val_loss: 0.7468
Epoch 55/80

[1m 1/27[0m [37m====================[0m [1m0s[0m 30ms/step - categorical_accuracy: 0.8750 - loss: 0.6370
[1m 9/27[0m [32m======[0m[37m==============[0m [1m0s[0m 7ms/step - categorical_accuracy: 0.8086 - loss: 0.6343 
[1m16/27[0m [32m===========[0m[37m=========[0m [1m0s[0m 7ms/step - categorical_accuracy: 0.8017 - loss: 0.6366
[1m24/27[0m [32m=================[0m[37m===[0m [1m0s[0m 7ms/step - categorical_accuracy: 0.8050 - loss: 0.6216
[1m27/27[0m [32m====================[0m[37m[0m [1m0s[0m 10ms/step - categorical_accuracy: 0.8241 - loss: 0.5583 - val_categorical_accuracy: 0.8148 - val_loss: 0.5216
Epoch 56/80

[1m 1/27[0m [37m====================[0m [1m0s[0m 27ms/step - categorical_accuracy: 0.8750 - loss: 0.2608
[1m 9/27[0m [32m======[0m[37m==============[0m [1m0s[0m 7ms/step - categorical_accuracy: 0.8845 - loss: 0.2729 
[1m16/27[0m [32m===========[0m[37m=========[0m [1m0s[0m 7ms/step - categorical_accuracy: 0.8832 - loss: 0.2976
[1m23/27[0m [32m=================[0m[37m===[0m [1m0s[0m 7ms/step - categorical_accuracy: 0.8823 - loss: 0.3151
[1m27/27[0m [32m====================[0m[37m[0m [1m0s[0m 10ms/step - categorical_accuracy: 0.8796 - loss: 0.3399 - val_categorical_accuracy: 0.7407 - val_loss: 0.4636
Epoch 57/80

[1m 1/27[0m [37m====================[0m [1m0s[0m 27ms/step - categorical_accuracy: 1.0000 - loss: 0.1507
[1m 8/27[0m [32m=====[0m[37m===============[0m [1m0s[0m 8ms/step - categorical_accuracy: 0.8824 - loss: 0.2974 
[1m15/27[0m [32m===========[0m[37m=========[0m [1m0s[0m 7ms/step - categorical_accuracy: 0.8721 - loss: 0.3288
[1m23/27[0m [32m=================[0m[37m===[0m [1m0s[0m 7ms/step - categorical_accuracy: 0.8603 - loss: 0.3835
[1m27/27[0m [32m====================[0m[37m[0m [1m0s[0m 10ms/step - categorical_accuracy: 0.8333 - loss: 0.5191 - val_categorical_accuracy: 0.7963 - val_loss: 0.5937
Epoch 58/80

[1m 1/27[0m [37m====================[0m [1m0s[0m 27ms/step - categorical_accuracy: 0.7500 - loss: 0.8102
[1m 8/27[0m [32m=====[0m[37m===============[0m [1m0s[0m 7ms/step - categorical_accuracy: 0.8469 - loss: 0.4361 
[1m16/27[0m [32m===========[0m[37m=========[0m [1m0s[0m 7ms/step - categorical_accuracy: 0.8260 - loss: 0.4848
[1m24/27[0m [32m=================[0m[37m===[0m [1m0s[0m 7ms/step - categorical_accuracy: 0.8150 - loss: 0.5255
[1m27/27[0m [32m====================[0m[37m[0m [1m0s[0m 10ms/step - categorical_accuracy: 0.7593 - loss: 0.7294 - val_categorical_accuracy: 0.8148 - val_loss: 0.5070
Epoch 59/80

[1m 1/27[0m [37m====================[0m [1m0s[0m 24ms/step - categorical_accuracy: 0.5000 - loss: 0.6124
[1m 8/27[0m [32m=====[0m[37m===============[0m [1m0s[0m 7ms/step - categorical_accuracy: 0.6745 - loss: 0.5357 
[1m15/27[0m [32m===========[0m[37m=========[0m [1m0s[0m 7ms/step - categorical_accuracy: 0.6894 - loss: 0.6047
[1m23/27[0m [32m=================[0m[37m===[0m [1m0s[0m 7ms/step - categorical_accuracy: 0.7023 - loss: 0.6148
[1m27/27[0m [32m====================[0m[37m[0m [1m0s[0m 10ms/step - categorical_accuracy: 0.7454 - loss: 0.5966 - val_categorical_accuracy: 0.8889 - val_loss: 0.3997
Epoch 60/80

[1m 1/27[0m [37m====================[0m [1m0s[0m 29ms/step - categorical_accuracy: 1.0000 - loss: 0.1679
[1m 9/27[0m [32m======[0m[37m==============[0m [1m0s[0m 7ms/step - categorical_accuracy: 0.9621 - loss: 0.2403 
[1m17/27[0m [32m============[0m[37m========[0m [1m0s[0m 7ms/step - categorical_accuracy: 0.9409 - loss: 0.2709
[1m25/27[0m [32m==================[0m[37m==[0m [1m0s[0m 7ms/step - categorical_accuracy: 0.9287 - loss: 0.2847
[1m27/27[0m [32m====================[0m[37m[0m [1m0s[0m 10ms/step - categorical_accuracy: 0.8935 - loss: 0.3169 - val_categorical_accuracy: 0.8704 - val_loss: 0.3581
Epoch 61/80

[1m 1/27[0m [37m====================[0m [1m0s[0m 26ms/step - categorical_accuracy: 1.0000 - loss: 0.1083
[1m 8/27[0m [32m=====[0m[37m===============[0m [1m0s[0m 8ms/step - categorical_accuracy: 0.8890 - loss: 0.3244 
[1m16/27[0m [32m===========[0m[37m=========[0m [1m0s[0m 7ms/step - categorical_accuracy: 0.8805 - loss: 0.3735
[1m23/27[0m [32m=================[0m[37m===[0m [1m0s[0m 7ms/step - categorical_accuracy: 0.8817 - loss: 0.3669
[1m27/27[0m [32m====================[0m[37m[0m [1m0s[0m 10ms/step - categorical_accuracy: 0.9028 - loss: 0.3242 - val_categorical_accuracy: 0.8519 - val_loss: 0.4379
Epoch 62/80

[1m 1/27[0m [37m====================[0m [1m0s[0m 28ms/step - categorical_accuracy: 0.7500 - loss: 0.5260
[1m 9/27[0m [32m======[0m[37m==============[0m [1m0s[0m 7ms/step - categorical_accuracy: 0.7961 - loss: 0.5039 
[1m17/27[0m [32m============[0m[37m========[0m [1m0s[0m 7ms/step - categorical_accuracy: 0.8187 - loss: 0.4653
[1m25/27[0m [32m==================[0m[37m==[0m [1m0s[0m 7ms/step - categorical_accuracy: 0.8254 - loss: 0.4536
[1m27/27[0m [32m====================[0m[37m[0m [1m0s[0m 10ms/step - categorical_accuracy: 0.8333 - loss: 0.4691 - val_categorical_accuracy: 0.6852 - val_loss: 1.1506
Epoch 63/80

[1m 1/27[0m [37m====================[0m [1m0s[0m 27ms/step - categorical_accuracy: 0.6250 - loss: 1.3937
[1m 9/27[0m [32m======[0m[37m==============[0m [1m0s[0m 7ms/step - categorical_accuracy: 0.6286 - loss: 1.1684 
[1m17/27[0m [32m============[0m[37m========[0m [1m0s[0m 7ms/step - categorical_accuracy: 0.6626 - loss: 1.0187
[1m24/27[0m [32m=================[0m[37m===[0m [1m0s[0m 7ms/step - categorical_accuracy: 0.6860 - loss: 0.9353
[1m27/27[0m [32m====================[0m[37m[0m [1m0s[0m 10ms/step - categorical_accuracy: 0.7546 - loss: 0.7508 - val_categorical_accuracy: 0.7407 - val_loss: 0.5052
Epoch 64/80

[1m 1/27[0m [37m====================[0m [1m0s[0m 27ms/step - categorical_accuracy: 0.8750 - loss: 0.2889
[1m 8/27[0m [32m=====[0m[37m===============[0m [1m0s[0m 7ms/step - categorical_accuracy: 0.8833 - loss: 0.3344 
[1m16/27[0m [32m===========[0m[37m=========[0m [1m0s[0m 7ms/step - categorical_accuracy: 0.8716 - loss: 0.3471
[1m24/27[0m [32m=================[0m[37m===[0m [1m0s[0m 7ms/step - categorical_accuracy: 0.8691 - loss: 0.3510
[1m27/27[0m [32m====================[0m[37m[0m [1m0s[0m 10ms/step - categorical_accuracy: 0.8611 - loss: 0.3602 - val_categorical_accuracy: 0.9259 - val_loss: 0.2792
Epoch 65/80

[1m 1/27[0m [37m====================[0m [1m0s[0m 27ms/step - categorical_accuracy: 0.8750 - loss: 0.2633
[1m 8/27[0m [32m=====[0m[37m===============[0m [1m0s[0m 7ms/step - categorical_accuracy: 0.9407 - loss: 0.2445 
[1m15/27[0m [32m===========[0m[37m=========[0m [1m0s[0m 8ms/step - categorical_accuracy: 0.9294 - loss: 0.2556
[1m23/27[0m [32m=================[0m[37m===[0m [1m0s[0m 7ms/step - categorical_accuracy: 0.9154 - loss: 0.2727
[1m27/27[0m [32m====================[0m[37m[0m [1m0s[0m 10ms/step - categorical_accuracy: 0.8889 - loss: 0.2945 - val_categorical_accuracy: 0.8704 - val_loss: 0.3319
Epoch 66/80

[1m 1/27[0m [37m====================[0m [1m0s[0m 28ms/step - categorical_accuracy: 0.8750 - loss: 0.3669
[1m 9/27[0m [32m======[0m[37m==============[0m [1m0s[0m 7ms/step - categorical_accuracy: 0.8456 - loss: 0.4118 
[1m16/27[0m [32m===========[0m[37m=========[0m [1m0s[0m 7ms/step - categorical_accuracy: 0.8555 - loss: 0.3717
[1m23/27[0m [32m=================[0m[37m===[0m [1m0s[0m 7ms/step - categorical_accuracy: 0.8666 - loss: 0.3448
[1m27/27[0m [32m====================[0m[37m[0m [1m0s[0m 10ms/step - categorical_accuracy: 0.8935 - loss: 0.2771 - val_categorical_accuracy: 0.9074 - val_loss: 0.2701
Epoch 67/80

[1m 1/27[0m [37m====================[0m [1m0s[0m 27ms/step - categorical_accuracy: 0.8750 - loss: 0.1922
[1m 8/27[0m [32m=====[0m[37m===============[0m [1m0s[0m 8ms/step - categorical_accuracy: 0.9273 - loss: 0.1568 
[1m15/27[0m [32m===========[0m[37m=========[0m [1m0s[0m 7ms/step - categorical_accuracy: 0.9080 - loss: 0.1932
[1m23/27[0m [32m=================[0m[37m===[0m [1m0s[0m 7ms/step - categorical_accuracy: 0.9011 - loss: 0.2029
[1m27/27[0m [32m====================[0m[37m[0m [1m0s[0m 10ms/step - categorical_accuracy: 0.8843 - loss: 0.2084 - val_categorical_accuracy: 0.9074 - val_loss: 0.2822
Epoch 68/80

[1m 1/27[0m [37m====================[0m [1m0s[0m 24ms/step - categorical_accuracy: 0.7500 - loss: 0.2444
[1m 8/27[0m [32m=====[0m[37m===============[0m [1m0s[0m 7ms/step - categorical_accuracy: 0.8308 - loss: 0.1993 
[1m15/27[0m [32m===========[0m[37m=========[0m [1m0s[0m 7ms/step - categorical_accuracy: 0.8567 - loss: 0.1945
[1m23/27[0m [32m=================[0m[37m===[0m [1m0s[0m 7ms/step - categorical_accuracy: 0.8704 - loss: 0.1920
[1m27/27[0m [32m====================[0m[37m[0m [1m0s[0m 10ms/step - categorical_accuracy: 0.9028 - loss: 0.1751 - val_categorical_accuracy: 0.9074 - val_loss: 0.2094
Epoch 69/80

[1m 1/27[0m [37m====================[0m [1m0s[0m 28ms/step - categorical_accuracy: 0.8750 - loss: 0.2703
[1m 9/27[0m [32m======[0m[37m==============[0m [1m0s[0m 7ms/step - categorical_accuracy: 0.9257 - loss: 0.2097 
[1m17/27[0m [32m============[0m[37m========[0m [1m0s[0m 7ms/step - categorical_accuracy: 0.9306 - loss: 0.1933
[1m24/27[0m [32m=================[0m[37m===[0m [1m0s[0m 7ms/step - categorical_accuracy: 0.9302 - loss: 0.1838
[1m27/27[0m [32m====================[0m[37m[0m [1m0s[0m 10ms/step - categorical_accuracy: 0.9306 - loss: 0.1494 - val_categorical_accuracy: 0.9074 - val_loss: 0.2636
Epoch 70/80

[1m 1/27[0m [37m====================[0m [1m0s[0m 26ms/step - categorical_accuracy: 1.0000 - loss: 0.0803
[1m 8/27[0m [32m=====[0m[37m===============[0m [1m0s[0m 7ms/step - categorical_accuracy: 0.9742 - loss: 0.0875 
[1m16/27[0m [32m===========[0m[37m=========[0m [1m0s[0m 7ms/step - categorical_accuracy: 0.9664 - loss: 0.0982
[1m23/27[0m [32m=================[0m[37m===[0m [1m0s[0m 7ms/step - categorical_accuracy: 0.9668 - loss: 0.1011
[1m27/27[0m [32m====================[0m[37m[0m [1m0s[0m 10ms/step - categorical_accuracy: 0.9583 - loss: 0.1300 - val_categorical_accuracy: 0.9074 - val_loss: 0.3300
Epoch 71/80

[1m 1/27[0m [37m====================[0m [1m0s[0m 30ms/step - categorical_accuracy: 1.0000 - loss: 0.1278
[1m 8/27[0m [32m=====[0m[37m===============[0m [1m0s[0m 7ms/step - categorical_accuracy: 0.9633 - loss: 0.1277 
[1m15/27[0m [32m===========[0m[37m=========[0m [1m0s[0m 7ms/step - categorical_accuracy: 0.9508 - loss: 0.1432
[1m22/27[0m [32m================[0m[37m====[0m [1m0s[0m 7ms/step - categorical_accuracy: 0.9493 - loss: 0.1433
[1m27/27[0m [32m====================[0m[37m[0m [1m0s[0m 10ms/step - categorical_accuracy: 0.9398 - loss: 0.1336 - val_categorical_accuracy: 0.9259 - val_loss: 0.2802
Epoch 72/80

[1m 1/27[0m [37m====================[0m [1m0s[0m 27ms/step - categorical_accuracy: 1.0000 - loss: 0.0565
[1m 9/27[0m [32m======[0m[37m==============[0m [1m0s[0m 7ms/step - categorical_accuracy: 0.9712 - loss: 0.1236 
[1m16/27[0m [32m===========[0m[37m=========[0m [1m0s[0m 7ms/step - categorical_accuracy: 0.9752 - loss: 0.1145
[1m24/27[0m [32m=================[0m[37m===[0m [1m0s[0m 7ms/step - categorical_accuracy: 0.9781 - loss: 0.1105
[1m27/27[0m [32m====================[0m[37m[0m [1m0s[0m 10ms/step - categorical_accuracy: 0.9815 - loss: 0.1200 - val_categorical_accuracy: 0.9444 - val_loss: 0.2294
Epoch 73/80

[1m 1/27[0m [37m====================[0m [1m0s[0m 26ms/step - categorical_accuracy: 1.0000 - loss: 0.0393
[1m 8/27[0m [32m=====[0m[37m===============[0m [1m0s[0m 7ms/step - categorical_accuracy: 0.9958 - loss: 0.0381 
[1m15/27[0m [32m===========[0m[37m=========[0m [1m0s[0m 7ms/step - categorical_accuracy: 0.9922 - loss: 0.0463
[1m23/27[0m [32m=================[0m[37m===[0m [1m0s[0m 7ms/step - categorical_accuracy: 0.9883 - loss: 0.0597
[1m27/27[0m [32m====================[0m[37m[0m [1m0s[0m 10ms/step - categorical_accuracy: 0.9815 - loss: 0.0917 - val_categorical_accuracy: 0.9259 - val_loss: 0.2389
Epoch 74/80

[1m 1/27[0m [37m====================[0m [1m0s[0m 26ms/step - categorical_accuracy: 1.0000 - loss: 0.0084
[1m 8/27[0m [32m=====[0m[37m===============[0m [1m0s[0m 7ms/step - categorical_accuracy: 0.9881 - loss: 0.0727 
[1m16/27[0m [32m===========[0m[37m=========[0m [1m0s[0m 7ms/step - categorical_accuracy: 0.9821 - loss: 0.0850
[1m23/27[0m [32m=================[0m[37m===[0m [1m0s[0m 7ms/step - categorical_accuracy: 0.9818 - loss: 0.0858
[1m27/27[0m [32m====================[0m[37m[0m [1m0s[0m 10ms/step - categorical_accuracy: 0.9861 - loss: 0.0753 - val_categorical_accuracy: 0.9444 - val_loss: 0.1893
Epoch 75/80

[1m 1/27[0m [37m====================[0m [1m0s[0m 26ms/step - categorical_accuracy: 1.0000 - loss: 0.0133
[1m 9/27[0m [32m======[0m[37m==============[0m [1m0s[0m 7ms/step - categorical_accuracy: 0.9947 - loss: 0.0429 
[1m17/27[0m [32m============[0m[37m========[0m [1m0s[0m 7ms/step - categorical_accuracy: 0.9853 - loss: 0.0707
[1m25/27[0m [32m==================[0m[37m==[0m [1m0s[0m 7ms/step - categorical_accuracy: 0.9670 - loss: 0.1083
[1m27/27[0m [32m====================[0m[37m[0m [1m0s[0m 10ms/step - categorical_accuracy: 0.9213 - loss: 0.1880 - val_categorical_accuracy: 0.8889 - val_loss: 0.2346
Epoch 76/80

[1m 1/27[0m [37m====================[0m [1m0s[0m 32ms/step - categorical_accuracy: 0.6250 - loss: 0.7533
[1m 8/27[0m [32m=====[0m[37m===============[0m [1m0s[0m 7ms/step - categorical_accuracy: 0.7756 - loss: 0.4406 
[1m15/27[0m [32m===========[0m[37m=========[0m [1m0s[0m 7ms/step - categorical_accuracy: 0.8042 - loss: 0.3987
[1m22/27[0m [32m================[0m[37m====[0m [1m0s[0m 7ms/step - categorical_accuracy: 0.8268 - loss: 0.3634
[1m27/27[0m [32m====================[0m[37m[0m [1m0s[0m 10ms/step - categorical_accuracy: 0.9028 - loss: 0.2479 - val_categorical_accuracy: 0.9074 - val_loss: 0.2479
Epoch 77/80

[1m 1/27[0m [37m====================[0m [1m0s[0m 30ms/step - categorical_accuracy: 0.8750 - loss: 0.1833
[1m 9/27[0m [32m======[0m[37m==============[0m [1m0s[0m 7ms/step - categorical_accuracy: 0.9266 - loss: 0.1344 
[1m17/27[0m [32m============[0m[37m========[0m [1m0s[0m 7ms/step - categorical_accuracy: 0.9284 - loss: 0.1712
[1m25/27[0m [32m==================[0m[37m==[0m [1m0s[0m 7ms/step - categorical_accuracy: 0.9281 - loss: 0.1953
[1m27/27[0m [32m====================[0m[37m[0m [1m0s[0m 10ms/step - categorical_accuracy: 0.9352 - loss: 0.2273 - val_categorical_accuracy: 0.9630 - val_loss: 0.1886
Epoch 78/80

[1m 1/27[0m [37m====================[0m [1m0s[0m 29ms/step - categorical_accuracy: 1.0000 - loss: 0.0686
[1m 8/27[0m [32m=====[0m[37m===============[0m [1m0s[0m 7ms/step - categorical_accuracy: 0.9732 - loss: 0.1261 
[1m16/27[0m [32m===========[0m[37m=========[0m [1m0s[0m 7ms/step - categorical_accuracy: 0.9809 - loss: 0.1049
[1m24/27[0m [32m=================[0m[37m===[0m [1m0s[0m 7ms/step - categorical_accuracy: 0.9829 - loss: 0.0989
[1m27/27[0m [32m====================[0m[37m[0m [1m0s[0m 10ms/step - categorical_accuracy: 0.9815 - loss: 0.1020 - val_categorical_accuracy: 0.9444 - val_loss: 0.1457
Epoch 79/80

[1m 1/27[0m [37m====================[0m [1m0s[0m 29ms/step - categorical_accuracy: 1.0000 - loss: 0.0253
[1m 9/27[0m [32m======[0m[37m==============[0m [1m0s[0m 7ms/step - categorical_accuracy: 0.9924 - loss: 0.0621 
[1m16/27[0m [32m===========[0m[37m=========[0m [1m0s[0m 7ms/step - categorical_accuracy: 0.9904 - loss: 0.0679
[1m24/27[0m [32m=================[0m[37m===[0m [1m0s[0m 7ms/step - categorical_accuracy: 0.9879 - loss: 0.0708
[1m27/27[0m [32m====================[0m[37m[0m [1m0s[0m 10ms/step - categorical_accuracy: 0.9815 - loss: 0.0827 - val_categorical_accuracy: 0.9630 - val_loss: 0.1457
Epoch 80/80

[1m 1/27[0m [37m====================[0m [1m0s[0m 25ms/step - categorical_accuracy: 1.0000 - loss: 0.0135
[1m 9/27[0m [32m======[0m[37m==============[0m [1m0s[0m 7ms/step - categorical_accuracy: 0.9786 - loss: 0.0501 
[1m17/27[0m [32m============[0m[37m========[0m [1m0s[0m 7ms/step - categorical_accuracy: 0.9688 - loss: 0.0746
[1m24/27[0m [32m=================[0m[37m===[0m [1m0s[0m 7ms/step - categorical_accuracy: 0.9691 - loss: 0.0762
[1m27/27[0m [32m====================[0m[37m[0m [1m0s[0m 10ms/step - categorical_accuracy: 0.9769 - loss: 0.0681 - val_categorical_accuracy: 0.9630 - val_loss: 0.1385
WARNING:absl:You are saving your model as an HDF5 file via `model.save()` or `keras.saving.save_model(model)`. This file format is considered legacy. We recommend using instead the native Keras format, e.g. `model.save('my_model.keras')` or `keras.saving.save_model(model, 'my_model.keras')`. 

[SUCCESS] Model successfully trained on multi-hand array bounds and exported as 'mudra_lstm_model.h5'!
